Tests/OpenGL/Resources/ShaderProgramBrokenStagesFreeTest.cpp, Line 31
Broken Vertex Shader

Expected Exception Type:
[std::runtime_error]
OpenGL error detected following invocation of CompileShader originating from Source/avocet/OpenGL/Resources/ShaderProgram.cpp, line 151:
Id: 2; Source: Shader Compiler; Type: Error; Severity: High
0:8(1): error: syntax error, unexpected '}', expecting ',' or ';'

=======================================

Tests/OpenGL/Resources/ShaderProgramBrokenStagesFreeTest.cpp, Line 42
Broken Fragment Shader

Expected Exception Type:
[std::runtime_error]
OpenGL error detected following invocation of CompileShader originating from Source/avocet/OpenGL/Resources/ShaderProgram.cpp, line 151:
Id: 3; Source: Shader Compiler; Type: Error; Severity: High
0:6(1): error: syntax error, unexpected '{'

=======================================

Tests/OpenGL/Resources/ShaderProgramBrokenStagesFreeTest.cpp, Line 53
Unlinkable Vertex Shader / Fragment Shader Combo

Expected Exception Type:
[std::runtime_error]
Error: program linking failed
error: vertex shader output `colour' declared as type `vec3', but fragment shader input declared as type `float'

=======================================

