Tests/OpenGL/Graphics/ShaderProgramBrokenStagesFreeTest.cpp, Line 31
Broken Vertex Shader

Expected Exception Type:
[std::runtime_error]
OpenGL error detected in Source/avocet/OpenGL/Graphics/ShaderProgram.cpp, line 147:
Source: Shader Compiler; Type: Error; Severity: High
0:8(1): error: syntax error, unexpected '}', expecting ',' or ';'

=======================================

Tests/OpenGL/Graphics/ShaderProgramBrokenStagesFreeTest.cpp, Line 41
Broken Fragment Shader

Expected Exception Type:
[std::runtime_error]
OpenGL error detected in Source/avocet/OpenGL/Graphics/ShaderProgram.cpp, line 147:
Source: Shader Compiler; Type: Error; Severity: High
0:6(1): error: syntax error, unexpected '{'

=======================================

Tests/OpenGL/Graphics/ShaderProgramBrokenStagesFreeTest.cpp, Line 51
Unlinkable Vertex Shader / Fragment Shader Combo

Expected Exception Type:
[std::runtime_error]
Error: program linking failed
error: vertex shader output `colour' declared as type `vec3', but fragment shader input declared as type `float'

=======================================

