Tests/Graphics/OpenGL/ShaderProgramTargetSpecificFreeTest.cpp, Line 32
Broken Vertex Shader

Expected Exception Type:
[std::runtime_error]
Error: vertex shader compilation failed
0(8) : error C0000: syntax error, unexpected '}', expecting ',' or ';' at token "}"

=======================================

Tests/Graphics/OpenGL/ShaderProgramTargetSpecificFreeTest.cpp, Line 42
Broken Fragment Shader

Expected Exception Type:
[std::runtime_error]
Error: fragment shader compilation failed
0(6) : error C0000: syntax error, unexpected '{' at token "{"

=======================================

Tests/Graphics/OpenGL/ShaderProgramTargetSpecificFreeTest.cpp, Line 52
Unlinkable Vertex Shader / Fragment Shader Combo

Expected Exception Type:
[std::runtime_error]
OpenGL error detected in Source/avocet/Graphics/OpenGL/ShaderProgram.cpp, line 184:
Source: API; Type: Other; Severity: Low
Program/shader state info: GLSL program 1 failed to link

=======================================

