Tests/Graphics/OpenGL/TargetSpecificShaderProgramFreeTest.cpp, Line 31
Broken Vertex Shader

Expected Exception Type:
[std::runtime_error]
Error: vertex shader compilation failed
0:8(1): error: syntax error, unexpected '}', expecting ',' or ';'

=======================================

Tests/Graphics/OpenGL/TargetSpecificShaderProgramFreeTest.cpp, Line 41
Broken Fragment Shader

Expected Exception Type:
[std::runtime_error]
Error: fragment shader compilation failed
0:6(1): error: syntax error, unexpected '{'

=======================================

Tests/Graphics/OpenGL/TargetSpecificShaderProgramFreeTest.cpp, Line 51
Unlinkable Vertex Shader / Fragment Shader Combo

Expected Exception Type:
[std::runtime_error]
Error: program linking failed
error: vertex shader output `colour' declared as type `vec3', but fragment shader input declared as type `float'

=======================================

